04:01:34 **** Build of configuration Debug for project pc_simulator ****
make -j8 all 
Building file: ../lvgl/lv_themes/lv_theme.c
Building file: ../lvgl/lv_themes/lv_theme_alien.c
Invoking: Cross GCC Compiler
Invoking: Cross GCC Compiler
gcc -I"C:\PerfectTuning\pc_simulator" -I"C:\PerfectTuning\pc_simulator\SDL2" -I"C:\PerfectTuning\pc_simulator\lvgl" -I"C:\PerfectTuning\pc_simulator\lv_drivers" -O0 -Og -g3 -Wall -c -fmessage-length=0 -MMD -MP -MF"lvgl/lv_themes/lv_theme.d" -MT"lvgl/lv_themes/lv_theme.o" -o "lvgl/lv_themes/lv_theme.o" "../lvgl/lv_themes/lv_theme.c"
Building file: ../lvgl/lv_themes/lv_theme_default.c
gcc -I"C:\PerfectTuning\pc_simulator" -I"C:\PerfectTuning\pc_simulator\SDL2" -I"C:\PerfectTuning\pc_simulator\lvgl" -I"C:\PerfectTuning\pc_simulator\lv_drivers" -O0 -Og -g3 -Wall -c -fmessage-length=0 -MMD -MP -MF"lvgl/lv_themes/lv_theme_alien.d" -MT"lvgl/lv_themes/lv_theme_alien.o" -o "lvgl/lv_themes/lv_theme_alien.o" "../lvgl/lv_themes/lv_theme_alien.c"
Invoking: Cross GCC Compiler
Building file: ../lvgl/lv_themes/lv_theme_material.c
gcc -I"C:\PerfectTuning\pc_simulator" -I"C:\PerfectTuning\pc_simulator\SDL2" -I"C:\PerfectTuning\pc_simulator\lvgl" -I"C:\PerfectTuning\pc_simulator\lv_drivers" -O0 -Og -g3 -Wall -c -fmessage-length=0 -MMD -MP -MF"lvgl/lv_themes/lv_theme_default.d" -MT"lvgl/lv_themes/lv_theme_default.o" -o "lvgl/lv_themes/lv_theme_default.o" "../lvgl/lv_themes/lv_theme_default.c"
Invoking: Cross GCC Compiler
gcc -I"C:\PerfectTuning\pc_simulator" -I"C:\PerfectTuning\pc_simulator\SDL2" -I"C:\PerfectTuning\pc_simulator\lvgl" -I"C:\PerfectTuning\pc_simulator\lv_drivers" -O0 -Og -g3 -Wall -c -fmessage-length=0 -MMD -MP -MF"lvgl/lv_themes/lv_theme_material.d" -MT"lvgl/lv_themes/lv_theme_material.o" -o "lvgl/lv_themes/lv_theme_material.o" "../lvgl/lv_themes/lv_theme_material.c"
Building file: ../lvgl/lv_themes/lv_theme_mono.c
Building file: ../lvgl/lv_themes/lv_theme_night.c
Invoking: Cross GCC Compiler
Invoking: Cross GCC Compiler
Building file: ../lvgl/lv_themes/lv_theme_templ.c
gcc -I"C:\PerfectTuning\pc_simulator" -I"C:\PerfectTuning\pc_simulator\SDL2" -I"C:\PerfectTuning\pc_simulator\lvgl" -I"C:\PerfectTuning\pc_simulator\lv_drivers" -O0 -Og -g3 -Wall -c -fmessage-length=0 -MMD -MP -MF"lvgl/lv_themes/lv_theme_mono.d" -MT"lvgl/lv_themes/lv_theme_mono.o" -o "lvgl/lv_themes/lv_theme_mono.o" "../lvgl/lv_themes/lv_theme_mono.c"
gcc -I"C:\PerfectTuning\pc_simulator" -I"C:\PerfectTuning\pc_simulator\SDL2" -I"C:\PerfectTuning\pc_simulator\lvgl" -I"C:\PerfectTuning\pc_simulator\lv_drivers" -O0 -Og -g3 -Wall -c -fmessage-length=0 -MMD -MP -MF"lvgl/lv_themes/lv_theme_night.d" -MT"lvgl/lv_themes/lv_theme_night.o" -o "lvgl/lv_themes/lv_theme_night.o" "../lvgl/lv_themes/lv_theme_night.c"
Invoking: Cross GCC Compiler
Building file: ../lvgl/lv_themes/lv_theme_zen.c
gcc -I"C:\PerfectTuning\pc_simulator" -I"C:\PerfectTuning\pc_simulator\SDL2" -I"C:\PerfectTuning\pc_simulator\lvgl" -I"C:\PerfectTuning\pc_simulator\lv_drivers" -O0 -Og -g3 -Wall -c -fmessage-length=0 -MMD -MP -MF"lvgl/lv_themes/lv_theme_templ.d" -MT"lvgl/lv_themes/lv_theme_templ.o" -o "lvgl/lv_themes/lv_theme_templ.o" "../lvgl/lv_themes/lv_theme_templ.c"
Invoking: Cross GCC Compiler
Command canceled

04:27:37 Build Cancelled (took 26m:3s.400ms)

