16:11:17 **** Incremental Build of configuration Debug for project Projet ****
make -j all 
Building file: ../lv_examples/lv_apps/demo/demo.c
Invoking: MCU GCC Compiler
Building file: ../lv_examples/lv_apps/demo/demo2.c
C:\PerfectTuning\Projet\Debug
Invoking: MCU GCC Compiler
Building file: ../Src/main.c
arm-none-eabi-gcc -mcpu=cortex-m7 -mthumb -mfloat-abi=hard -mfpu=fpv5-d16 '-D__weak=__attribute__((weak))' '-D__packed=__attribute__((__packed__))' -DUSE_HAL_DRIVER -DSTM32F769xx -I"C:/PerfectTuning/Projet/Inc" -I"C:/PerfectTuning/Projet/Drivers/STM32F7xx_HAL_Driver/Inc" -I"C:/PerfectTuning/Projet/Drivers/STM32F7xx_HAL_Driver/Inc/Legacy" -I"C:/PerfectTuning/Projet/Drivers/CMSIS/Device/ST/STM32F7xx/Include" -I"C:/PerfectTuning/Projet/Drivers/CMSIS/Include" -I"C:/PerfectTuning/Projet" -I"C:/PerfectTuning/Projet/lv_examples" -I"C:/PerfectTuning/Projet/Drivers/BSP/Components" -I"C:/PerfectTuning/Projet/Drivers/BSP/STM32F769I-Discovery" -I"C:/PerfectTuning/Projet/Utilities/Fonts" -I"C:/PerfectTuning/Projet/Drivers"  -O0 -g3 -Wall -fmessage-length=0 -ffunction-sections -c -fmessage-length=0 -MMD -MP -MF"lv_examples/lv_apps/demo/demo.d" -MT"lv_examples/lv_apps/demo/demo.o" -o "lv_examples/lv_apps/demo/demo.o" "../lv_examples/lv_apps/demo/demo.c"
C:\PerfectTuning\Projet\Debug
Invoking: MCU GCC Compiler
arm-none-eabi-gcc -mcpu=cortex-m7 -mthumb -mfloat-abi=hard -mfpu=fpv5-d16 '-D__weak=__attribute__((weak))' '-D__packed=__attribute__((__packed__))' -DUSE_HAL_DRIVER -DSTM32F769xx -I"C:/PerfectTuning/Projet/Inc" -I"C:/PerfectTuning/Projet/Drivers/STM32F7xx_HAL_Driver/Inc" -I"C:/PerfectTuning/Projet/Drivers/STM32F7xx_HAL_Driver/Inc/Legacy" -I"C:/PerfectTuning/Projet/Drivers/CMSIS/Device/ST/STM32F7xx/Include" -I"C:/PerfectTuning/Projet/Drivers/CMSIS/Include" -I"C:/PerfectTuning/Projet" -I"C:/PerfectTuning/Projet/lv_examples" -I"C:/PerfectTuning/Projet/Drivers/BSP/Components" -I"C:/PerfectTuning/Projet/Drivers/BSP/STM32F769I-Discovery" -I"C:/PerfectTuning/Projet/Utilities/Fonts" -I"C:/PerfectTuning/Projet/Drivers"  -O0 -g3 -Wall -fmessage-length=0 -ffunction-sections -c -fmessage-length=0 -MMD -MP -MF"lv_examples/lv_apps/demo/demo2.d" -MT"lv_examples/lv_apps/demo/demo2.o" -o "lv_examples/lv_apps/demo/demo2.o" "../lv_examples/lv_apps/demo/demo2.c"
C:\PerfectTuning\Projet\Debug
arm-none-eabi-gcc -mcpu=cortex-m7 -mthumb -mfloat-abi=hard -mfpu=fpv5-d16 '-D__weak=__attribute__((weak))' '-D__packed=__attribute__((__packed__))' -DUSE_HAL_DRIVER -DSTM32F769xx -I"C:/PerfectTuning/Projet/Inc" -I"C:/PerfectTuning/Projet/Drivers/STM32F7xx_HAL_Driver/Inc" -I"C:/PerfectTuning/Projet/Drivers/STM32F7xx_HAL_Driver/Inc/Legacy" -I"C:/PerfectTuning/Projet/Drivers/CMSIS/Device/ST/STM32F7xx/Include" -I"C:/PerfectTuning/Projet/Drivers/CMSIS/Include" -I"C:/PerfectTuning/Projet" -I"C:/PerfectTuning/Projet/lv_examples" -I"C:/PerfectTuning/Projet/Drivers/BSP/Components" -I"C:/PerfectTuning/Projet/Drivers/BSP/STM32F769I-Discovery" -I"C:/PerfectTuning/Projet/Utilities/Fonts" -I"C:/PerfectTuning/Projet/Drivers"  -O0 -g3 -Wall -fmessage-length=0 -ffunction-sections -c -fmessage-length=0 -MMD -MP -MF"Src/main.d" -MT"Src/main.o" -o "Src/main.o" "../Src/main.c"
../lv_examples/lv_apps/demo/demo.c:20:1: warning: "/*" within comment [-Wcomment]
 /*********************
  
../lv_examples/lv_apps/demo/demo.c:38:1: warning: "/*" within comment [-Wcomment]
 /**********************
  
../lv_examples/lv_apps/demo/demo.c:56:1: warning: "/*" within comment [-Wcomment]
 /**********************
  
../lv_examples/lv_apps/demo/demo.c:114:1: warning: "/*" within comment [-Wcomment]
 /**********************
  
../lv_examples/lv_apps/demo/demo.c:469:1: warning: "/*" within comment [-Wcomment]
 /*   lv_obj_set_pos(label_toggle,
  
../lv_examples/lv_apps/demo/demo.c:571:1: warning: "/*" within comment [-Wcomment]
 /*
  
../lv_examples/lv_apps/demo/demo.c:681:2: warning: "/*" within comment [-Wcomment]
  /*
   
Finished building: ../lv_examples/lv_apps/demo/demo.c
 
../lv_examples/lv_apps/demo/demo2.c:223:39: warning: initialization from incompatible pointer type [-Wincompatible-pointer-types]
 lv_obj_t * tableau_objet_valeur[] = { &label_Cadran1_Valeur, &label_Cadran2_Valeur, &label_Cadran3_Valeur, &label_Cadran4_Valeur };
                                       ^
../lv_examples/lv_apps/demo/demo2.c:223:39: note: (near initialization for 'tableau_objet_valeur[0]')
../lv_examples/lv_apps/demo/demo2.c:223:62: warning: initialization from incompatible pointer type [-Wincompatible-pointer-types]
 lv_obj_t * tableau_objet_valeur[] = { &label_Cadran1_Valeur, &label_Cadran2_Valeur, &label_Cadran3_Valeur, &label_Cadran4_Valeur };
                                                              ^
../lv_examples/lv_apps/demo/demo2.c:223:62: note: (near initialization for 'tableau_objet_valeur[1]')
../lv_examples/lv_apps/demo/demo2.c:223:85: warning: initialization from incompatible pointer type [-Wincompatible-pointer-types]
 lv_obj_t * tableau_objet_valeur[] = { &label_Cadran1_Valeur, &label_Cadran2_Valeur, &label_Cadran3_Valeur, &label_Cadran4_Valeur };
                                                                                     ^
../lv_examples/lv_apps/demo/demo2.c:223:85: note: (near initialization for 'tableau_objet_valeur[2]')
../lv_examples/lv_apps/demo/demo2.c:223:108: warning: initialization from incompatible pointer type [-Wincompatible-pointer-types]
 lv_obj_t * tableau_objet_valeur[] = { &label_Cadran1_Valeur, &label_Cadran2_Valeur, &label_Cadran3_Valeur, &label_Cadran4_Valeur };
                                                                                                            ^
../lv_examples/lv_apps/demo/demo2.c:223:108: note: (near initialization for 'tableau_objet_valeur[3]')
../Src/main.c: In function 'main':
../Src/main.c:230:15: warning: unused variable 'dataCan' [-Wunused-variable]
       uint8_t dataCan[] = {val_SliderR,
               ^~~~~~~
../Src/main.c:248:6: warning: implicit declaration of function 'itoa' [-Wimplicit-function-declaration]
      itoa(k,buffer,10);
      ^~~~
../lv_examples/lv_apps/demo/demo2.c: In function 'Principale':
../lv_examples/lv_apps/demo/demo2.c:371:40: warning: passing argument 2 of 'lv_obj_set_signal_func' from incompatible pointer type [-Wincompatible-pointer-types]
    lv_obj_set_signal_func(Image_config,click_Parametres);
                                        ^~~~~~~~~~~~~~~~
In file included from c:\perfecttuning\projet\lvgl\lvgl.h:22:0,
                 from ../lv_examples/lv_apps/demo/demo.h:19,
                 from ../lv_examples/lv_apps/demo/demo2.c:12:
c:\perfecttuning\projet\lvgl\lv_core/lv_obj.h:415:6: note: expected 'lv_signal_func_t {aka enum <anonymous> (*)(struct _lv_obj_t *, enum <anonymous>,  void *)}' but argument is of type 'lv_res_t (*)(lv_obj_t *) {aka enum <anonymous> (*)(struct _lv_obj_t *)}'
 void lv_obj_set_signal_func(lv_obj_t * obj, lv_signal_func_t fp);
      ^~~~~~~~~~~~~~~~~~~~~~
../lv_examples/lv_apps/demo/demo2.c: In function 'Parametres':
../lv_examples/lv_apps/demo/demo2.c:961:37: warning: passing argument 2 of 'lv_obj_set_signal_func' from incompatible pointer type [-Wincompatible-pointer-types]
   lv_obj_set_signal_func(image_home,click_home);
                                     ^~~~~~~~~~
In file included from c:\perfecttuning\projet\lvgl\lvgl.h:22:0,
                 from ../lv_examples/lv_apps/demo/demo.h:19,
                 from ../lv_examples/lv_apps/demo/demo2.c:12:
c:\perfecttuning\projet\lvgl\lv_core/lv_obj.h:415:6: note: expected 'lv_signal_func_t {aka enum <anonymous> (*)(struct _lv_obj_t *, enum <anonymous>,  void *)}' but argument is of type 'lv_res_t (*)(lv_obj_t *) {aka enum <anonymous> (*)(struct _lv_obj_t *)}'
 void lv_obj_set_signal_func(lv_obj_t * obj, lv_signal_func_t fp);
      ^~~~~~~~~~~~~~~~~~~~~~
../lv_examples/lv_apps/demo/demo2.c: In function 'sw_master_slave':
../lv_examples/lv_apps/demo/demo2.c:987:1: warning: no return statement in function returning non-void [-Wreturn-type]
 }
 ^
../lv_examples/lv_apps/demo/demo2.c: In function 'click_Parametres':
../lv_examples/lv_apps/demo/demo2.c:998:1: warning: no return statement in function returning non-void [-Wreturn-type]
 }
 ^
../lv_examples/lv_apps/demo/demo2.c: In function 'position_label':
../lv_examples/lv_apps/demo/demo2.c:1003:6: warning: variable 'test2' set but not used [-Wunused-but-set-variable]
  int test2;
      ^~~~~
../lv_examples/lv_apps/demo/demo2.c:1002:6: warning: variable 'test' set but not used [-Wunused-but-set-variable]
  int test;
      ^~~~
../lv_examples/lv_apps/demo/demo2.c: In function 'afficheCanBus_Data':
../lv_examples/lv_apps/demo/demo2.c:1034:11: warning: pointer targets in passing argument 1 of 'sprintf' differ in signedness [-Wpointer-sign]
   sprintf(tempBuf, "[%d],", data[i]);
           ^~~~~~~
In file included from c:\ac6\systemworkbench\plugins\fr.ac6.mcu.externaltools.arm-none.win32_1.15.0.201708311556\tools\compiler\arm-none-eabi\include\string.h:10:0,
                 from c:\perfecttuning\projet\lvgl\lv_misc\lv_area.h:17,
                 from c:\perfecttuning\projet\lvgl\lv_hal/lv_hal_indev.h:21,
                 from c:\perfecttuning\projet\lvgl\lv_hal/lv_hal.h:17,
                 from c:\perfecttuning\projet\lvgl\lvgl.h:20,
                 from ../lv_examples/lv_apps/demo/demo.h:19,
                 from ../lv_examples/lv_apps/demo/demo2.c:12:
c:\ac6\systemworkbench\plugins\fr.ac6.mcu.externaltools.arm-none.win32_1.15.0.201708311556\tools\compiler\arm-none-eabi\include\stdio.h:244:5: note: expected 'char * restrict' but argument is of type 'uint8_t * {aka unsigned char *}'
 int _EXFUN(sprintf, (char *__restrict, const char *__restrict, ...)
     ^
../lv_examples/lv_apps/demo/demo2.c:1035:10: warning: pointer targets in passing argument 1 of 'strcat' differ in signedness [-Wpointer-sign]
   strcat(canbusString, tempBuf);
          ^~~~~~~~~~~~
In file included from c:\ac6\systemworkbench\plugins\fr.ac6.mcu.externaltools.arm-none.win32_1.15.0.201708311556\tools\compiler\arm-none-eabi\include\string.h:10:0,
                 from c:\perfecttuning\projet\lvgl\lv_misc\lv_area.h:17,
                 from c:\perfecttuning\projet\lvgl\lv_hal/lv_hal_indev.h:21,
                 from c:\perfecttuning\projet\lvgl\lv_hal/lv_hal.h:17,
                 from c:\perfecttuning\projet\lvgl\lvgl.h:20,
                 from ../lv_examples/lv_apps/demo/demo.h:19,
                 from ../lv_examples/lv_apps/demo/demo2.c:12:
c:\ac6\systemworkbench\plugins\fr.ac6.mcu.externaltools.arm-none.win32_1.15.0.201708311556\tools\compiler\arm-none-eabi\include\string.h:30:8: note: expected 'char * restrict' but argument is of type 'uint8_t * {aka unsigned char *}'
 char  *_EXFUN(strcat,(char *__restrict, const char *__restrict));
        ^
At top level:
../Src/main.c:756:13: warning: 'MX_GPIO_Init' defined but not used [-Wunused-function]
 static void MX_GPIO_Init(void)
             ^~~~~~~~~~~~
../lv_examples/lv_apps/demo/demo2.c:1035:24: warning: pointer targets in passing argument 2 of 'strcat' differ in signedness [-Wpointer-sign]
   strcat(canbusString, tempBuf);
                        ^~~~~~~
../Src/main.c:661:13: warning: 'MX_FMC_Init' defined but not used [-Wunused-function]
 static void MX_FMC_Init(void)
             ^~~~~~~~~~~
In file included from c:\ac6\systemworkbench\plugins\fr.ac6.mcu.externaltools.arm-none.win32_1.15.0.201708311556\tools\compiler\arm-none-eabi\include\string.h:10:0,
                 from c:\perfecttuning\projet\lvgl\lv_misc\lv_area.h:17,
                 from c:\perfecttuning\projet\lvgl\lv_hal/lv_hal_indev.h:21,
                 from c:\perfecttuning\projet\lvgl\lv_hal/lv_hal.h:17,
                 from c:\perfecttuning\projet\lvgl\lvgl.h:20,
                 from ../lv_examples/lv_apps/demo/demo.h:19,
                 from ../lv_examples/lv_apps/demo/demo2.c:12:
c:\ac6\systemworkbench\plugins\fr.ac6.mcu.externaltools.arm-none.win32_1.15.0.201708311556\tools\compiler\arm-none-eabi\include\string.h:30:8: note: expected 'const char * restrict' but argument is of type 'uint8_t * {aka unsigned char *}'
 char  *_EXFUN(strcat,(char *__restrict, const char *__restrict));
        ^
../Src/main.c:595:13: warning: 'MX_USART3_UART_Init' defined but not used [-Wunused-function]
 static void MX_USART3_UART_Init(void)
             ^~~~~~~~~~~~~~~~~~~
../Src/main.c:560:13: warning: 'MX_SAI1_Init' defined but not used [-Wunused-function]
 static void MX_SAI1_Init(void)
             ^~~~~~~~~~~~
../Src/main.c:511:13: warning: 'MX_LTDC_Init' defined but not used [-Wunused-function]
 static void MX_LTDC_Init(void)
             ^~~~~~~~~~~~
../Src/main.c:411:13: warning: 'MX_DSIHOST_DSI_Init' defined but not used [-Wunused-function]
 static void MX_DSIHOST_DSI_Init(void)
             ^~~~~~~~~~~~~~~~~~~
../lv_examples/lv_apps/demo/demo2.c:1038:10: warning: pointer targets in passing argument 1 of 'sprintf' differ in signedness [-Wpointer-sign]
  sprintf(tempBuf, "[%d]\n", data[i]);
          ^~~~~~~
../Src/main.c:368:13: warning: 'MX_DMA2D_Init' defined but not used [-Wunused-function]
 static void MX_DMA2D_Init(void)
             ^~~~~~~~~~~~~
../Src/main.c:343:13: warning: 'MX_DFSDM1_Init' defined but not used [-Wunused-function]
 static void MX_DFSDM1_Init(void)
             ^~~~~~~~~~~~~~
In file included from c:\ac6\systemworkbench\plugins\fr.ac6.mcu.externaltools.arm-none.win32_1.15.0.201708311556\tools\compiler\arm-none-eabi\include\string.h:10:0,
                 from c:\perfecttuning\projet\lvgl\lv_misc\lv_area.h:17,
                 from c:\perfecttuning\projet\lvgl\lv_hal/lv_hal_indev.h:21,
                 from c:\perfecttuning\projet\lvgl\lv_hal/lv_hal.h:17,
                 from c:\perfecttuning\projet\lvgl\lvgl.h:20,
                 from ../lv_examples/lv_apps/demo/demo.h:19,
                 from ../lv_examples/lv_apps/demo/demo2.c:12:
c:\ac6\systemworkbench\plugins\fr.ac6.mcu.externaltools.arm-none.win32_1.15.0.201708311556\tools\compiler\arm-none-eabi\include\stdio.h:244:5: note: expected 'char * restrict' but argument is of type 'uint8_t * {aka unsigned char *}'
 int _EXFUN(sprintf, (char *__restrict, const char *__restrict, ...)
     ^
../lv_examples/lv_apps/demo/demo2.c:1039:9: warning: pointer targets in passing argument 1 of 'strcat' differ in signedness [-Wpointer-sign]
  strcat(canbusString, tempBuf);
         ^~~~~~~~~~~~
In file included from c:\ac6\systemworkbench\plugins\fr.ac6.mcu.externaltools.arm-none.win32_1.15.0.201708311556\tools\compiler\arm-none-eabi\include\string.h:10:0,
                 from c:\perfecttuning\projet\lvgl\lv_misc\lv_area.h:17,
                 from c:\perfecttuning\projet\lvgl\lv_hal/lv_hal_indev.h:21,
                 from c:\perfecttuning\projet\lvgl\lv_hal/lv_hal.h:17,
                 from c:\perfecttuning\projet\lvgl\lvgl.h:20,
                 from ../lv_examples/lv_apps/demo/demo.h:19,
                 from ../lv_examples/lv_apps/demo/demo2.c:12:
c:\ac6\systemworkbench\plugins\fr.ac6.mcu.externaltools.arm-none.win32_1.15.0.201708311556\tools\compiler\arm-none-eabi\include\string.h:30:8: note: expected 'char * restrict' but argument is of type 'uint8_t * {aka unsigned char *}'
 char  *_EXFUN(strcat,(char *__restrict, const char *__restrict));
        ^
../lv_examples/lv_apps/demo/demo2.c:1039:23: warning: pointer targets in passing argument 2 of 'strcat' differ in signedness [-Wpointer-sign]
  strcat(canbusString, tempBuf);
                       ^~~~~~~
In file included from c:\ac6\systemworkbench\plugins\fr.ac6.mcu.externaltools.arm-none.win32_1.15.0.201708311556\tools\compiler\arm-none-eabi\include\string.h:10:0,
                 from c:\perfecttuning\projet\lvgl\lv_misc\lv_area.h:17,
                 from c:\perfecttuning\projet\lvgl\lv_hal/lv_hal_indev.h:21,
                 from c:\perfecttuning\projet\lvgl\lv_hal/lv_hal.h:17,
                 from c:\perfecttuning\projet\lvgl\lvgl.h:20,
                 from ../lv_examples/lv_apps/demo/demo.h:19,
                 from ../lv_examples/lv_apps/demo/demo2.c:12:
c:\ac6\systemworkbench\plugins\fr.ac6.mcu.externaltools.arm-none.win32_1.15.0.201708311556\tools\compiler\arm-none-eabi\include\string.h:30:8: note: expected 'const char * restrict' but argument is of type 'uint8_t * {aka unsigned char *}'
 char  *_EXFUN(strcat,(char *__restrict, const char *__restrict));
        ^
../lv_examples/lv_apps/demo/demo2.c: In function 'tab_load_action':
../lv_examples/lv_apps/demo/demo2.c:1080:1: warning: no return statement in function returning non-void [-Wreturn-type]
 }
 ^
../lv_examples/lv_apps/demo/demo2.c: In function 'action_switch_LED':
../lv_examples/lv_apps/demo/demo2.c:1123:3: warning: implicit declaration of function 'set_leds' [-Wimplicit-function-declaration]
   set_leds();
   ^~~~~~~~
../lv_examples/lv_apps/demo/demo2.c: At top level:
../lv_examples/lv_apps/demo/demo2.c:1152:6: warning: conflicting types for 'set_leds'
 void set_leds()
      ^~~~~~~~
../lv_examples/lv_apps/demo/demo2.c:1123:3: note: previous implicit declaration of 'set_leds' was here
   set_leds();
   ^~~~~~~~
../lv_examples/lv_apps/demo/demo2.c:1082:17: warning: 'click_Parametres_DEL' defined but not used [-Wunused-function]
 static lv_res_t click_Parametres_DEL(lv_obj_t * child)
                 ^~~~~~~~~~~~~~~~~~~~
../lv_examples/lv_apps/demo/demo2.c:1077:17: warning: 'tab_load_action' defined but not used [-Wunused-function]
 static lv_res_t tab_load_action(lv_obj_t * child)
                 ^~~~~~~~~~~~~~~
../lv_examples/lv_apps/demo/demo2.c:1064:17: warning: 'click_menu_PARAM' defined but not used [-Wunused-function]
 static lv_res_t click_menu_PARAM(lv_obj_t * child)
                 ^~~~~~~~~~~~~~~~
../lv_examples/lv_apps/demo/demo2.c:1010:17: warning: 'click_gauge' defined but not used [-Wunused-function]
 static lv_res_t click_gauge(lv_obj_t * child)
                 ^~~~~~~~~~~
../lv_examples/lv_apps/demo/demo2.c:1000:17: warning: 'position_label' defined but not used [-Wunused-function]
 static lv_res_t position_label (lv_obj_t * child)
                 ^~~~~~~~~~~~~~
Finished building: ../Src/main.c
 
Finished building: ../lv_examples/lv_apps/demo/demo2.c
 
Building target: Projet.elf
Invoking: MCU GCC Linker
arm-none-eabi-gcc -mcpu=cortex-m7 -mthumb -mfloat-abi=hard -mfpu=fpv5-d16 -L"C:\PerfectTuning\Projet\Debug\lvgl\lv_objx" -L"C:\PerfectTuning\Projet\lv_examples" -L"C:\PerfectTuning\Projet\Drivers\BSP" -specs=nosys.specs -specs=nano.specs -T"../STM32F769NIHx_FLASH.ld" -Wl,-Map=output.map -Wl,--gc-sections -o "Projet.elf" @"objects.list"   -lm
Finished building target: Projet.elf
 
make --no-print-directory post-build
Generating binary and Printing size information:
arm-none-eabi-objcopy -O binary "Projet.elf" "Projet.bin"
arm-none-eabi-size "Projet.elf"
   text	   data	    bss	    dec	    hex	filename
1803900	    600	 212608	2017108	 1ec754	Projet.elf
 

16:11:21 Build Finished (took 4s.343ms)

